{"C:\\Users\\92439\\Desktop\\js\\gitedu\\gitHW\\task7\\script.js": {"path":"C:\\Users\\92439\\Desktop\\js\\gitedu\\gitHW\\task7\\script.js","statementMap":{"0":{"start":{"line":3,"column":2},"end":{"line":7,"column":3}},"1":{"start":{"line":4,"column":4},"end":{"line":4,"column":33}},"2":{"start":{"line":6,"column":4},"end":{"line":6,"column":32}},"3":{"start":{"line":12,"column":16},"end":{"line":12,"column":46}},"4":{"start":{"line":13,"column":16},"end":{"line":13,"column":46}},"5":{"start":{"line":14,"column":12},"end":{"line":14,"column":43}},"6":{"start":{"line":16,"column":2},"end":{"line":16,"column":27}},"7":{"start":{"line":18,"column":2},"end":{"line":33,"column":5}},"8":{"start":{"line":19,"column":6},"end":{"line":28,"column":7}},"9":{"start":{"line":20,"column":21},"end":{"line":20,"column":48}},"10":{"start":{"line":21,"column":10},"end":{"line":21,"column":37}},"11":{"start":{"line":22,"column":10},"end":{"line":22,"column":23}},"12":{"start":{"line":24,"column":10},"end":{"line":24,"column":38}},"13":{"start":{"line":25,"column":21},"end":{"line":25,"column":48}},"14":{"start":{"line":26,"column":10},"end":{"line":26,"column":37}},"15":{"start":{"line":27,"column":10},"end":{"line":27,"column":23}},"16":{"start":{"line":31,"column":6},"end":{"line":31,"column":23}},"17":{"start":{"line":32,"column":6},"end":{"line":32,"column":31}},"18":{"start":{"line":37,"column":0},"end":{"line":39,"column":1}},"19":{"start":{"line":38,"column":4},"end":{"line":38,"column":45}}},"fnMap":{"0":{"name":"checkInput","decl":{"start":{"line":2,"column":9},"end":{"line":2,"column":19}},"loc":{"start":{"line":2,"column":49},"end":{"line":8,"column":1}},"line":2},"1":{"name":"initApp","decl":{"start":{"line":11,"column":9},"end":{"line":11,"column":16}},"loc":{"start":{"line":11,"column":19},"end":{"line":34,"column":1}},"line":11},"2":{"name":"(anonymous_2)","decl":{"start":{"line":18,"column":34},"end":{"line":18,"column":35}},"loc":{"start":{"line":18,"column":40},"end":{"line":33,"column":3}},"line":18}},"branchMap":{"0":{"loc":{"start":{"line":3,"column":2},"end":{"line":7,"column":3}},"type":"if","locations":[{"start":{"line":3,"column":2},"end":{"line":7,"column":3}},{"start":{"line":5,"column":7},"end":{"line":7,"column":3}}],"line":3},"1":{"loc":{"start":{"line":19,"column":6},"end":{"line":28,"column":7}},"type":"if","locations":[{"start":{"line":19,"column":6},"end":{"line":28,"column":7}},{"start":{"line":23,"column":13},"end":{"line":28,"column":7}}],"line":19},"2":{"loc":{"start":{"line":37,"column":0},"end":{"line":39,"column":1}},"type":"if","locations":[{"start":{"line":37,"column":0},"end":{"line":39,"column":1}},{"start":{},"end":{}}],"line":37},"3":{"loc":{"start":{"line":37,"column":4},"end":{"line":37,"column":51}},"type":"binary-expr","locations":[{"start":{"line":37,"column":4},"end":{"line":37,"column":33}},{"start":{"line":37,"column":37},"end":{"line":37,"column":51}}],"line":37}},"s":{"0":10,"1":3,"2":7,"3":3,"4":3,"5":3,"6":3,"7":3,"8":1,"9":1,"10":1,"11":1,"12":0,"13":0,"14":0,"15":0,"16":1,"17":1,"18":1,"19":1},"f":{"0":10,"1":3,"2":1},"b":{"0":[3,7],"1":[1,0],"2":[1,0],"3":[1,1]},"_coverageSchema":"1a1c01bbd47fc00a2c39e90264f33305004495a9","hash":"9b36c9859ffcd52cf0e53aa056ce51e2ad7a06eb"}
}
