<?xml version="1.0" encoding="UTF-8"?>
<coverage generated="1769412288433" clover="3.2.0">
  <project timestamp="1769412288433" name="All files">
    <metrics statements="20" coveredstatements="16" conditionals="8" coveredconditionals="6" methods="3" coveredmethods="3" elements="31" coveredelements="25" complexity="0" loc="20" ncloc="20" packages="1" files="1" classes="1"/>
    <file name="script.js" path="C:\Users\92439\Desktop\js\gitedu\gitHW\task7\script.js">
      <metrics statements="20" coveredstatements="16" conditionals="8" coveredconditionals="6" methods="3" coveredmethods="3"/>
      <line num="3" count="10" type="cond" truecount="2" falsecount="0"/>
      <line num="4" count="3" type="stmt"/>
      <line num="6" count="7" type="stmt"/>
      <line num="12" count="3" type="stmt"/>
      <line num="13" count="3" type="stmt"/>
      <line num="14" count="3" type="stmt"/>
      <line num="16" count="3" type="stmt"/>
      <line num="18" count="3" type="stmt"/>
      <line num="19" count="1" type="cond" truecount="1" falsecount="1"/>
      <line num="20" count="1" type="stmt"/>
      <line num="21" count="1" type="stmt"/>
      <line num="22" count="1" type="stmt"/>
      <line num="24" count="0" type="stmt"/>
      <line num="25" count="0" type="stmt"/>
      <line num="26" count="0" type="stmt"/>
      <line num="27" count="0" type="stmt"/>
      <line num="31" count="1" type="stmt"/>
      <line num="32" count="1" type="stmt"/>
      <line num="37" count="1" type="cond" truecount="3" falsecount="1"/>
      <line num="38" count="1" type="stmt"/>
    </file>
  </project>
</coverage>
